0	1	mikroCARM.exe -MSF -DBG -pSTM32F107VC -BIN -LHF -DL -SSA -O11111114 -fo72 -N"C:\Users\katarina.perendic\Desktop\Vacuum click\example\c\ARM\STM\STM_AppDemo\Click_Vacuum_STM.mcpar" -SP"C:\Users\Public\Documents\Mikroelektronika\mikroC PRO for ARM\Defs\" -SP"C:\Users\Public\Documents\Mikroelektronika\mikroC PRO for ARM\Uses\ST M3\" -SP"C:\Users\katarina.perendic\Desktop\Vacuum click\example\c\ARM\STM\STM_AppDemo\" -SP"C:\Users\katarina.perendic\Desktop\Vacuum click\library\HAL\" -SP"C:\Users\katarina.perendic\Desktop\Vacuum click\library\" -SP"C:\Users\Public\Documents\Mikroelektronika\mikroC PRO for ARM\Packages\Cloud Click\Uses\" -SP"C:\Users\Public\Documents\Mikroelektronika\mikroC PRO for ARM\Packages\mikroBUS Board Definition API\Uses\" -IP"C:\Users\Public\Documents\Mikroelektronika\mikroC PRO for ARM\Uses\ST M3\" -IP"C:\Users\katarina.perendic\Desktop\Vacuum click\example\c\ARM\STM\STM_AppDemo\" -IP"C:\Users\katarina.perendic\Desktop\Vacuum click\library\" -IP"C:\Users\katarina.perendic\Desktop\Vacuum click\library\HAL\" -IP"C:\Users\Public\Documents\Mikroelektronika\mikroC PRO for ARM\Packages\Cloud Click\Uses\" -IP"C:\Users\Public\Documents\Mikroelektronika\mikroC PRO for ARM\Packages\mikroBUS Board Definition API\Uses\" "Click_Vacuum_STM.c" "__vacuum_driver.c" "__Lib_Math.emcl" "__Lib_MathDouble.emcl" "__Lib_Delays.emcl" "__Lib_System_105_107.emcl" "__Lib_GPIO_32F10x_Defs.emcl" "__Lib_GPIO_32F10x.emcl" "__Lib_CString.emcl" "__Lib_Conversions.emcl" "__Lib_I2C_12.emcl" "__Lib_UART_123_45.emcl" "easymx_v7_STM32F107VC.emcl" "Cloud_STM32_M3.emcl" "Click_Vacuum.pld"	 
diagnostics: 0	122	Compilation Started	stdint.h
diagnostics: 73	123	Compiled Successfully	Click_Vacuum_STM.c
diagnostics: 0	122	Compilation Started	stdint.h
hint: 128	1163	Variable 'pressure_mBar' has been declared, but not used	__vacuum_driver.c
diagnostics: 130	123	Compiled Successfully	__vacuum_driver.c
hint: 323	1164	Variable 'tmp' has been eliminated by optimizer	__vacuum_driver.c
hint: 84	1164	Variable 'tmp' has been eliminated by optimizer	__vacuum_driver.c
hint: 101	1164	Variable 'ptr' has been eliminated by optimizer	__vacuum_driver.c
hint: 109	1164	Variable 'ptr' has been eliminated by optimizer	__vacuum_driver.c
hint: 85	1164	Variable 'readData' has been eliminated by optimizer	__vacuum_driver.c
hint: 86	1164	Variable 'voltage' has been eliminated by optimizer	__vacuum_driver.c
hint: 96	1164	Variable 'pressure' has been eliminated by optimizer	__vacuum_driver.c
hint: 97	1164	Variable 'pressure_mBar' has been eliminated by optimizer	__vacuum_driver.c
hint: 108	1164	Variable 'pressure_mBar' has been eliminated by optimizer	__vacuum_driver.c
diagnostics: 0	127	All files Compiled in 93 ms	 
hint: 0	1144	Used RX: 16 (100%)   Free RX: 0 (0%)	Used RX: 16 (100%)   Free RX: 0 (0%)
hint: 0	1144	Static RAM (bytes): 193   Dynamic RAM (bytes): 65337	Static RAM (bytes): 193   Dynamic RAM (bytes): 65337
hint: 0	1144	Used ROM (bytes): 9126 (3%)  Free ROM (bytes): 253018 (97%)	Used ROM (bytes): 9126 (3%)  Free ROM (bytes): 253018 (97%)
diagnostics: 0	125	Project Linked Successfully	Click_Vacuum_STM.mcpar
diagnostics: 0	128	Linked in 282 ms	 
diagnostics: 0	129	Project 'Click_Vacuum_STM.mcpar' completed: 485 ms	 
diagnostics: 0	103	Finished successfully: 19 okt 2018, 08:49:20	Click_Vacuum_STM.mcpar
